# JRE version: Java(TM) SE Runtime Environment (10.0.1+10) (build 10.0.1+10)
# Java VM: Java HotSpot(TM) 64-Bit Server VM (10.0.1+10, mixed mode, tiered, compressed oops, g1 gc, windows-amd64)
Heap:
 garbage-first heap   total 31744K, used 12431K [0x00000000e0000000, 0x0000000100000000)
  region size 1024K, 1 young (1024K), 0 survivors (0K)
 Metaspace       used 19075K, capacity 19432K, committed 20352K, reserved 1067008K
  class space    used 1984K, capacity 2144K, committed 2432K, reserved 1048576K
GC Heap History (10 events):
Event: 219088.852 GC heap before
{Heap before GC invocations=25597 (full 25550):
 garbage-first heap   total 31744K, used 12431K [0x00000000e0000000, 0x0000000100000000)
  region size 1024K, 1 young (1024K), 0 survivors (0K)
 Metaspace       used 19075K, capacity 19432K, committed 20352K, reserved 1067008K
  class space    used 1984K, capacity 2144K, committed 2432K, reserved 1048576K
}
Event: 219088.973 GC heap after
{Heap after GC invocations=25598 (full 25551):
 garbage-first heap   total 31744K, used 12431K [0x00000000e0000000, 0x0000000100000000)
  region size 1024K, 0 young (0K), 0 survivors (0K)
 Metaspace       used 19075K, capacity 19432K, committed 20352K, reserved 1067008K
  class space    used 1984K, capacity 2144K, committed 2432K, reserved 1048576K
}
Event: 219098.809 GC heap before
{Heap before GC invocations=25598 (full 25551):
 garbage-first heap   total 31744K, used 12431K [0x00000000e0000000, 0x0000000100000000)
  region size 1024K, 1 young (1024K), 0 survivors (0K)
 Metaspace       used 19075K, capacity 19432K, committed 20352K, reserved 1067008K
  class space    used 1984K, capacity 2144K, committed 2432K, reserved 1048576K
}
Event: 219098.848 GC heap after
{Heap after GC invocations=25599 (full 25552):
 garbage-first heap   total 31744K, used 12431K [0x00000000e0000000, 0x0000000100000000)
  region size 1024K, 0 young (0K), 0 survivors (0K)
 Metaspace       used 19075K, capacity 19432K, committed 20352K, reserved 1067008K
  class space    used 1984K, capacity 2144K, committed 2432K, reserved 1048576K
}
Event: 219108.811 GC heap before
{Heap before GC invocations=25599 (full 25552):
 garbage-first heap   total 31744K, used 12431K [0x00000000e0000000, 0x0000000100000000)
  region size 1024K, 1 young (1024K), 0 survivors (0K)
 Metaspace       used 19075K, capacity 19432K, committed 20352K, reserved 1067008K
  class space    used 1984K, capacity 2144K, committed 2432K, reserved 1048576K
}
Event: 219108.856 GC heap after
{Heap after GC invocations=25600 (full 25553):
 garbage-first heap   total 31744K, used 12432K [0x00000000e0000000, 0x0000000100000000)
  region size 1024K, 0 young (0K), 0 survivors (0K)
 Metaspace       used 19075K, capacity 19432K, committed 20352K, reserved 1067008K
  class space    used 1984K, capacity 2144K, committed 2432K, reserved 1048576K
}
Event: 219118.811 GC heap before
{Heap before GC invocations=25600 (full 25553):
 garbage-first heap   total 31744K, used 12432K [0x00000000e0000000, 0x0000000100000000)
  region size 1024K, 1 young (1024K), 0 survivors (0K)
 Metaspace       used 19075K, capacity 19432K, committed 20352K, reserved 1067008K
  class space    used 1984K, capacity 2144K, committed 2432K, reserved 1048576K
}
Event: 219118.824 GC heap after
{Heap after GC invocations=25601 (full 25554):
 garbage-first heap   total 31744K, used 12431K [0x00000000e0000000, 0x0000000100000000)
  region size 1024K, 0 young (0K), 0 survivors (0K)
 Metaspace       used 19075K, capacity 19432K, committed 20352K, reserved 1067008K
  class space    used 1984K, capacity 2144K, committed 2432K, reserved 1048576K
}
Event: 219118.907 GC heap before
{Heap before GC invocations=25601 (full 25554):
 garbage-first heap   total 31744K, used 12431K [0x00000000e0000000, 0x0000000100000000)
  region size 1024K, 1 young (1024K), 0 survivors (0K)
 Metaspace       used 19075K, capacity 19432K, committed 20352K, reserved 1067008K
  class space    used 1984K, capacity 2144K, committed 2432K, reserved 1048576K
}
Event: 219118.921 GC heap after
{Heap after GC invocations=25602 (full 25555):
 garbage-first heap   total 31744K, used 12431K [0x00000000e0000000, 0x0000000100000000)
  region size 1024K, 0 young (0K), 0 survivors (0K)
 Metaspace       used 19075K, capacity 19432K, committed 20352K, reserved 1067008K
  class space    used 1984K, capacity 2144K, committed 2432K, reserved 1048576K
}

